<?xml version="1.0" encoding="UTF-8"?>
<coverage generated="1778969028364" clover="3.2.0">
  <project timestamp="1778969028364" name="All files">
    <metrics statements="225" coveredstatements="166" conditionals="222" coveredconditionals="121" methods="29" coveredmethods="19" elements="476" coveredelements="306" complexity="0" loc="225" ncloc="225" packages="1" files="1" classes="1"/>
    <file name="scraper.js" path="D:\Dev\X Scraper\shared\scraper.js">
      <metrics statements="225" coveredstatements="166" conditionals="222" coveredconditionals="121" methods="29" coveredmethods="19"/>
      <line num="3" count="1" type="stmt"/>
      <line num="14" count="26" type="stmt"/>
      <line num="15" count="88" type="cond" truecount="3" falsecount="2"/>
      <line num="18" count="11" type="stmt"/>
      <line num="19" count="11" type="stmt"/>
      <line num="21" count="11" type="cond" truecount="3" falsecount="1"/>
      <line num="22" count="11" type="stmt"/>
      <line num="23" count="11" type="stmt"/>
      <line num="24" count="11" type="stmt"/>
      <line num="25" count="11" type="cond" truecount="4" falsecount="0"/>
      <line num="26" count="10" type="stmt"/>
      <line num="29" count="11" type="stmt"/>
      <line num="33" count="22" type="stmt"/>
      <line num="36" count="22" type="stmt"/>
      <line num="37" count="22" type="cond" truecount="1" falsecount="1"/>
      <line num="38" count="22" type="cond" truecount="2" falsecount="0"/>
      <line num="39" count="22" type="cond" truecount="3" falsecount="1"/>
      <line num="41" count="22" type="stmt"/>
      <line num="42" count="22" type="cond" truecount="1" falsecount="1"/>
      <line num="45" count="0" type="stmt"/>
      <line num="46" count="0" type="cond" truecount="0" falsecount="2"/>
      <line num="49" count="0" type="stmt"/>
      <line num="50" count="0" type="cond" truecount="0" falsecount="2"/>
      <line num="51" count="0" type="stmt"/>
      <line num="54" count="0" type="stmt"/>
      <line num="55" count="0" type="cond" truecount="0" falsecount="2"/>
      <line num="56" count="0" type="stmt"/>
      <line num="60" count="0" type="stmt"/>
      <line num="61" count="0" type="cond" truecount="0" falsecount="4"/>
      <line num="63" count="0" type="stmt"/>
      <line num="69" count="0" type="cond" truecount="0" falsecount="2"/>
      <line num="70" count="0" type="stmt"/>
      <line num="71" count="0" type="cond" truecount="0" falsecount="2"/>
      <line num="73" count="0" type="stmt"/>
      <line num="76" count="22" type="stmt"/>
      <line num="77" count="22" type="cond" truecount="1" falsecount="1"/>
      <line num="78" count="22" type="cond" truecount="1" falsecount="1"/>
      <line num="79" count="0" type="stmt"/>
      <line num="83" count="22" type="stmt"/>
      <line num="84" count="22" type="cond" truecount="1" falsecount="1"/>
      <line num="85" count="22" type="cond" truecount="1" falsecount="1"/>
      <line num="87" count="22" type="stmt"/>
      <line num="88" count="22" type="cond" truecount="1" falsecount="1"/>
      <line num="90" count="22" type="cond" truecount="2" falsecount="0"/>
      <line num="91" count="0" type="stmt"/>
      <line num="93" count="22" type="stmt"/>
      <line num="96" count="22" type="cond" truecount="1" falsecount="1"/>
      <line num="97" count="22" type="stmt"/>
      <line num="98" count="22" type="cond" truecount="1" falsecount="1"/>
      <line num="99" count="22" type="stmt"/>
      <line num="100" count="22" type="cond" truecount="1" falsecount="1"/>
      <line num="105" count="22" type="cond" truecount="2" falsecount="2"/>
      <line num="106" count="0" type="cond" truecount="0" falsecount="2"/>
      <line num="107" count="0" type="stmt"/>
      <line num="109" count="0" type="stmt"/>
      <line num="110" count="0" type="stmt"/>
      <line num="111" count="0" type="stmt"/>
      <line num="112" count="0" type="cond" truecount="0" falsecount="4"/>
      <line num="113" count="0" type="stmt"/>
      <line num="114" count="0" type="stmt"/>
      <line num="117" count="0" type="cond" truecount="0" falsecount="2"/>
      <line num="118" count="0" type="stmt"/>
      <line num="123" count="22" type="cond" truecount="1" falsecount="1"/>
      <line num="126" count="22" type="cond" truecount="1" falsecount="1"/>
      <line num="130" count="22" type="stmt"/>
      <line num="131" count="0" type="stmt"/>
      <line num="132" count="0" type="cond" truecount="0" falsecount="4"/>
      <line num="136" count="22" type="stmt"/>
      <line num="137" count="22" type="stmt"/>
      <line num="138" count="2" type="stmt"/>
      <line num="139" count="2" type="stmt"/>
      <line num="140" count="2" type="cond" truecount="1" falsecount="1"/>
      <line num="141" count="2" type="cond" truecount="1" falsecount="1"/>
      <line num="142" count="2" type="cond" truecount="1" falsecount="1"/>
      <line num="143" count="2" type="cond" truecount="1" falsecount="1"/>
      <line num="144" count="2" type="cond" truecount="1" falsecount="1"/>
      <line num="149" count="22" type="stmt"/>
      <line num="150" count="22" type="cond" truecount="2" falsecount="0"/>
      <line num="151" count="2" type="stmt"/>
      <line num="152" count="2" type="stmt"/>
      <line num="153" count="2" type="cond" truecount="3" falsecount="1"/>
      <line num="154" count="2" type="stmt"/>
      <line num="161" count="22" type="cond" truecount="2" falsecount="4"/>
      <line num="162" count="0" type="stmt"/>
      <line num="165" count="22" type="stmt"/>
      <line num="176" count="0" type="stmt"/>
      <line num="177" count="0" type="stmt"/>
      <line num="182" count="10" type="stmt"/>
      <line num="183" count="10" type="stmt"/>
      <line num="184" count="10" type="stmt"/>
      <line num="185" count="10" type="stmt"/>
      <line num="187" count="10" type="cond" truecount="2" falsecount="0"/>
      <line num="188" count="1" type="stmt"/>
      <line num="189" count="1" type="cond" truecount="1" falsecount="1"/>
      <line num="190" count="1" type="stmt"/>
      <line num="193" count="9" type="stmt"/>
      <line num="194" count="9" type="cond" truecount="2" falsecount="2"/>
      <line num="195" count="0" type="stmt"/>
      <line num="198" count="9" type="cond" truecount="1" falsecount="1"/>
      <line num="199" count="0" type="stmt"/>
      <line num="202" count="9" type="stmt"/>
      <line num="204" count="9" type="stmt"/>
      <line num="205" count="9" type="stmt"/>
      <line num="207" count="9" type="stmt"/>
      <line num="208" count="10" type="stmt"/>
      <line num="210" count="10" type="cond" truecount="2" falsecount="0"/>
      <line num="212" count="1" type="stmt"/>
      <line num="214" count="1" type="stmt"/>
      <line num="215" count="1" type="cond" truecount="1" falsecount="1"/>
      <line num="216" count="0" type="stmt"/>
      <line num="217" count="1" type="cond" truecount="1" falsecount="1"/>
      <line num="218" count="1" type="stmt"/>
      <line num="219" count="0" type="cond" truecount="0" falsecount="4"/>
      <line num="220" count="0" type="stmt"/>
      <line num="223" count="1" type="cond" truecount="2" falsecount="2"/>
      <line num="224" count="0" type="stmt"/>
      <line num="227" count="1" type="cond" truecount="1" falsecount="1"/>
      <line num="228" count="1" type="stmt"/>
      <line num="229" count="1" type="stmt"/>
      <line num="230" count="1" type="cond" truecount="1" falsecount="1"/>
      <line num="232" count="0" type="cond" truecount="0" falsecount="2"/>
      <line num="233" count="0" type="stmt"/>
      <line num="234" count="0" type="stmt"/>
      <line num="235" count="0" type="cond" truecount="0" falsecount="2"/>
      <line num="239" count="1" type="cond" truecount="1" falsecount="1"/>
      <line num="242" count="9" type="stmt"/>
      <line num="246" count="10" type="stmt"/>
      <line num="247" count="10" type="cond" truecount="4" falsecount="0"/>
      <line num="248" count="10" type="cond" truecount="2" falsecount="2"/>
      <line num="250" count="10" type="stmt"/>
      <line num="251" count="10" type="cond" truecount="2" falsecount="0"/>
      <line num="252" count="1" type="cond" truecount="3" falsecount="1"/>
      <line num="253" count="1" type="cond" truecount="0" falsecount="2"/>
      <line num="256" count="10" type="cond" truecount="2" falsecount="0"/>
      <line num="258" count="10" type="cond" truecount="2" falsecount="0"/>
      <line num="259" count="2" type="cond" truecount="1" falsecount="1"/>
      <line num="263" count="2" type="cond" truecount="1" falsecount="1"/>
      <line num="264" count="2" type="cond" truecount="1" falsecount="1"/>
      <line num="265" count="2" type="stmt"/>
      <line num="267" count="2" type="cond" truecount="2" falsecount="2"/>
      <line num="268" count="0" type="stmt"/>
      <line num="270" count="2" type="stmt"/>
      <line num="271" count="8" type="cond" truecount="2" falsecount="0"/>
      <line num="272" count="1" type="cond" truecount="1" falsecount="1"/>
      <line num="273" count="0" type="stmt"/>
      <line num="274" count="0" type="stmt"/>
      <line num="275" count="0" type="stmt"/>
      <line num="278" count="1" type="stmt"/>
      <line num="279" count="1" type="stmt"/>
      <line num="281" count="1" type="cond" truecount="1" falsecount="1"/>
      <line num="282" count="0" type="cond" truecount="0" falsecount="2"/>
      <line num="283" count="0" type="stmt"/>
      <line num="284" count="0" type="stmt"/>
      <line num="289" count="1" type="cond" truecount="2" falsecount="2"/>
      <line num="290" count="0" type="stmt"/>
      <line num="291" count="0" type="stmt"/>
      <line num="294" count="7" type="cond" truecount="2" falsecount="0"/>
      <line num="295" count="1" type="stmt"/>
      <line num="296" count="1" type="stmt"/>
      <line num="297" count="1" type="stmt"/>
      <line num="300" count="6" type="stmt"/>
      <line num="301" count="6" type="cond" truecount="2" falsecount="0"/>
      <line num="302" count="1" type="cond" truecount="1" falsecount="1"/>
      <line num="303" count="1" type="stmt"/>
      <line num="304" count="1" type="stmt"/>
      <line num="309" count="7" type="cond" truecount="4" falsecount="0"/>
      <line num="310" count="1" type="stmt"/>
      <line num="311" count="1" type="stmt"/>
      <line num="315" count="10" type="stmt"/>
      <line num="321" count="11" type="stmt"/>
      <line num="322" count="59" type="stmt"/>
      <line num="323" count="11" type="stmt"/>
      <line num="324" count="26" type="stmt"/>
      <line num="325" count="26" type="cond" truecount="3" falsecount="1"/>
      <line num="326" count="26" type="stmt"/>
      <line num="333" count="11" type="stmt"/>
      <line num="335" count="11" type="stmt"/>
      <line num="336" count="11" type="stmt"/>
      <line num="337" count="11" type="cond" truecount="2" falsecount="0"/>
      <line num="338" count="11" type="stmt"/>
      <line num="340" count="11" type="stmt"/>
      <line num="341" count="11" type="stmt"/>
      <line num="344" count="11" type="stmt"/>
      <line num="345" count="11" type="cond" truecount="2" falsecount="0"/>
      <line num="346" count="5" type="stmt"/>
      <line num="347" count="5" type="stmt"/>
      <line num="348" count="5" type="stmt"/>
      <line num="349" count="5" type="stmt"/>
      <line num="353" count="11" type="cond" truecount="2" falsecount="0"/>
      <line num="356" count="21" type="stmt"/>
      <line num="357" count="21" type="stmt"/>
      <line num="358" count="0" type="stmt"/>
      <line num="360" count="21" type="cond" truecount="1" falsecount="1"/>
      <line num="363" count="21" type="stmt"/>
      <line num="364" count="21" type="stmt"/>
      <line num="365" count="21" type="stmt"/>
      <line num="367" count="21" type="stmt"/>
      <line num="368" count="22" type="cond" truecount="1" falsecount="1"/>
      <line num="370" count="22" type="stmt"/>
      <line num="371" count="22" type="cond" truecount="2" falsecount="2"/>
      <line num="372" count="0" type="stmt"/>
      <line num="373" count="0" type="stmt"/>
      <line num="374" count="0" type="stmt"/>
      <line num="377" count="22" type="cond" truecount="1" falsecount="1"/>
      <line num="381" count="22" type="cond" truecount="1" falsecount="1"/>
      <line num="382" count="22" type="stmt"/>
      <line num="383" count="22" type="cond" truecount="4" falsecount="0"/>
      <line num="384" count="11" type="stmt"/>
      <line num="385" count="11" type="stmt"/>
      <line num="390" count="21" type="stmt"/>
      <line num="391" count="21" type="stmt"/>
      <line num="392" count="21" type="cond" truecount="2" falsecount="0"/>
      <line num="394" count="21" type="cond" truecount="1" falsecount="1"/>
      <line num="395" count="0" type="stmt"/>
      <line num="396" count="0" type="stmt"/>
      <line num="399" count="21" type="cond" truecount="1" falsecount="1"/>
      <line num="401" count="21" type="stmt"/>
      <line num="402" count="21" type="stmt"/>
      <line num="405" count="11" type="cond" truecount="2" falsecount="0"/>
      <line num="406" count="1" type="stmt"/>
      <line num="409" count="10" type="stmt"/>
      <line num="410" count="10" type="stmt"/>
      <line num="412" count="10" type="stmt"/>
      <line num="420" count="0" type="stmt"/>
      <line num="421" count="0" type="stmt"/>
    </file>
  </project>
</coverage>
