{"D:\\Dev\\X Scraper\\shared\\scraper.js": {"path":"D:\\Dev\\X Scraper\\shared\\scraper.js","statementMap":{"0":{"start":{"line":3,"column":30},"end":{"line":10,"column":1}},"1":{"start":{"line":14,"column":14},"end":{"line":14,"column":57}},"2":{"start":{"line":14,"column":22},"end":{"line":14,"column":57}},"3":{"start":{"line":14,"column":39},"end":{"line":14,"column":56}},"4":{"start":{"line":15,"column":16},"end":{"line":15,"column":74}},"5":{"start":{"line":15,"column":25},"end":{"line":15,"column":73}},"6":{"start":{"line":18,"column":26},"end":{"line":18,"column":31}},"7":{"start":{"line":19,"column":22},"end":{"line":19,"column":26}},"8":{"start":{"line":21,"column":4},"end":{"line":28,"column":5}},"9":{"start":{"line":22,"column":8},"end":{"line":22,"column":76}},"10":{"start":{"line":23,"column":25},"end":{"line":23,"column":60}},"11":{"start":{"line":24,"column":28},"end":{"line":24,"column":54}},"12":{"start":{"line":25,"column":8},"end":{"line":27,"column":9}},"13":{"start":{"line":26,"column":12},"end":{"line":26,"column":52}},"14":{"start":{"line":29,"column":4},"end":{"line":29,"column":44}},"15":{"start":{"line":33,"column":4},"end":{"line":178,"column":5}},"16":{"start":{"line":36,"column":36},"end":{"line":36,"column":100}},"17":{"start":{"line":37,"column":32},"end":{"line":37,"column":125}},"18":{"start":{"line":38,"column":27},"end":{"line":38,"column":74}},"19":{"start":{"line":39,"column":28},"end":{"line":39,"column":88}},"20":{"start":{"line":41,"column":19},"end":{"line":41,"column":21}},"21":{"start":{"line":42,"column":8},"end":{"line":81,"column":9}},"22":{"start":{"line":45,"column":28},"end":{"line":45,"column":94}},"23":{"start":{"line":46,"column":12},"end":{"line":46,"column":61}},"24":{"start":{"line":46,"column":25},"end":{"line":46,"column":61}},"25":{"start":{"line":49,"column":35},"end":{"line":49,"column":108}},"26":{"start":{"line":50,"column":12},"end":{"line":66,"column":13}},"27":{"start":{"line":51,"column":16},"end":{"line":51,"column":75}},"28":{"start":{"line":51,"column":45},"end":{"line":51,"column":73}},"29":{"start":{"line":54,"column":37},"end":{"line":54,"column":108}},"30":{"start":{"line":55,"column":16},"end":{"line":65,"column":17}},"31":{"start":{"line":56,"column":20},"end":{"line":56,"column":59}},"32":{"start":{"line":60,"column":40},"end":{"line":60,"column":60}},"33":{"start":{"line":61,"column":20},"end":{"line":64,"column":21}},"34":{"start":{"line":63,"column":24},"end":{"line":63,"column":53}},"35":{"start":{"line":69,"column":12},"end":{"line":72,"column":13}},"36":{"start":{"line":70,"column":33},"end":{"line":70,"column":83}},"37":{"start":{"line":71,"column":16},"end":{"line":71,"column":55}},"38":{"start":{"line":71,"column":30},"end":{"line":71,"column":55}},"39":{"start":{"line":73,"column":12},"end":{"line":73,"column":31}},"40":{"start":{"line":76,"column":33},"end":{"line":76,"column":86}},"41":{"start":{"line":77,"column":12},"end":{"line":77,"column":75}},"42":{"start":{"line":78,"column":12},"end":{"line":80,"column":13}},"43":{"start":{"line":79,"column":16},"end":{"line":79,"column":66}},"44":{"start":{"line":83,"column":28},"end":{"line":83,"column":78}},"45":{"start":{"line":84,"column":28},"end":{"line":84,"column":93}},"46":{"start":{"line":85,"column":23},"end":{"line":85,"column":64}},"47":{"start":{"line":87,"column":28},"end":{"line":87,"column":57}},"48":{"start":{"line":88,"column":26},"end":{"line":88,"column":93}},"49":{"start":{"line":90,"column":27},"end":{"line":91,"column":59}},"50":{"start":{"line":91,"column":22},"end":{"line":91,"column":58}},"51":{"start":{"line":93,"column":22},"end":{"line":93,"column":26}},"52":{"start":{"line":96,"column":8},"end":{"line":102,"column":9}},"53":{"start":{"line":97,"column":29},"end":{"line":97,"column":77}},"54":{"start":{"line":98,"column":12},"end":{"line":101,"column":13}},"55":{"start":{"line":99,"column":30},"end":{"line":99,"column":66}},"56":{"start":{"line":100,"column":16},"end":{"line":100,"column":46}},"57":{"start":{"line":100,"column":27},"end":{"line":100,"column":46}},"58":{"start":{"line":105,"column":8},"end":{"line":121,"column":9}},"59":{"start":{"line":106,"column":12},"end":{"line":120,"column":13}},"60":{"start":{"line":107,"column":16},"end":{"line":107,"column":38}},"61":{"start":{"line":109,"column":30},"end":{"line":109,"column":77}},"62":{"start":{"line":110,"column":16},"end":{"line":116,"column":17}},"63":{"start":{"line":111,"column":34},"end":{"line":111,"column":66}},"64":{"start":{"line":112,"column":20},"end":{"line":115,"column":21}},"65":{"start":{"line":113,"column":24},"end":{"line":113,"column":43}},"66":{"start":{"line":114,"column":24},"end":{"line":114,"column":30}},"67":{"start":{"line":117,"column":16},"end":{"line":119,"column":17}},"68":{"start":{"line":118,"column":20},"end":{"line":118,"column":42}},"69":{"start":{"line":123,"column":8},"end":{"line":123,"column":59}},"70":{"start":{"line":123,"column":22},"end":{"line":123,"column":59}},"71":{"start":{"line":126,"column":30},"end":{"line":128,"column":116}},"72":{"start":{"line":130,"column":8},"end":{"line":133,"column":11}},"73":{"start":{"line":131,"column":24},"end":{"line":131,"column":47}},"74":{"start":{"line":132,"column":12},"end":{"line":132,"column":120}},"75":{"start":{"line":136,"column":22},"end":{"line":136,"column":68}},"76":{"start":{"line":137,"column":8},"end":{"line":146,"column":11}},"77":{"start":{"line":138,"column":26},"end":{"line":138,"column":69}},"78":{"start":{"line":139,"column":24},"end":{"line":139,"column":66}},"79":{"start":{"line":140,"column":12},"end":{"line":145,"column":13}},"80":{"start":{"line":141,"column":16},"end":{"line":141,"column":66}},"81":{"start":{"line":141,"column":44},"end":{"line":141,"column":66}},"82":{"start":{"line":142,"column":16},"end":{"line":142,"column":68}},"83":{"start":{"line":142,"column":46},"end":{"line":142,"column":68}},"84":{"start":{"line":143,"column":16},"end":{"line":143,"column":64}},"85":{"start":{"line":143,"column":44},"end":{"line":143,"column":64}},"86":{"start":{"line":144,"column":16},"end":{"line":144,"column":64}},"87":{"start":{"line":144,"column":44},"end":{"line":144,"column":64}},"88":{"start":{"line":149,"column":29},"end":{"line":149,"column":31}},"89":{"start":{"line":150,"column":8},"end":{"line":157,"column":9}},"90":{"start":{"line":151,"column":28},"end":{"line":151,"column":97}},"91":{"start":{"line":152,"column":12},"end":{"line":156,"column":15}},"92":{"start":{"line":153,"column":16},"end":{"line":155,"column":17}},"93":{"start":{"line":154,"column":20},"end":{"line":154,"column":48}},"94":{"start":{"line":161,"column":8},"end":{"line":163,"column":9}},"95":{"start":{"line":162,"column":12},"end":{"line":162,"column":24}},"96":{"start":{"line":165,"column":8},"end":{"line":174,"column":10}},"97":{"start":{"line":176,"column":8},"end":{"line":176,"column":62}},"98":{"start":{"line":177,"column":8},"end":{"line":177,"column":20}},"99":{"start":{"line":182,"column":22},"end":{"line":182,"column":52}},"100":{"start":{"line":183,"column":22},"end":{"line":183,"column":24}},"101":{"start":{"line":184,"column":19},"end":{"line":184,"column":23}},"102":{"start":{"line":185,"column":25},"end":{"line":185,"column":29}},"103":{"start":{"line":187,"column":4},"end":{"line":191,"column":5}},"104":{"start":{"line":188,"column":8},"end":{"line":188,"column":32}},"105":{"start":{"line":189,"column":8},"end":{"line":189,"column":62}},"106":{"start":{"line":189,"column":36},"end":{"line":189,"column":62}},"107":{"start":{"line":190,"column":8},"end":{"line":190,"column":41}},"108":{"start":{"line":193,"column":4},"end":{"line":193,"column":45}},"109":{"start":{"line":193,"column":35},"end":{"line":193,"column":43}},"110":{"start":{"line":194,"column":4},"end":{"line":196,"column":5}},"111":{"start":{"line":195,"column":8},"end":{"line":195,"column":32}},"112":{"start":{"line":198,"column":4},"end":{"line":200,"column":5}},"113":{"start":{"line":199,"column":8},"end":{"line":199,"column":62}},"114":{"start":{"line":202,"column":4},"end":{"line":202,"column":37}},"115":{"start":{"line":204,"column":33},"end":{"line":204,"column":34}},"116":{"start":{"line":205,"column":25},"end":{"line":205,"column":26}},"117":{"start":{"line":207,"column":4},"end":{"line":240,"column":5}},"118":{"start":{"line":207,"column":17},"end":{"line":207,"column":18}},"119":{"start":{"line":208,"column":22},"end":{"line":208,"column":34}},"120":{"start":{"line":210,"column":8},"end":{"line":210,"column":47}},"121":{"start":{"line":210,"column":38},"end":{"line":210,"column":47}},"122":{"start":{"line":212,"column":25},"end":{"line":212,"column":56}},"123":{"start":{"line":214,"column":23},"end":{"line":214,"column":28}},"124":{"start":{"line":215,"column":8},"end":{"line":221,"column":9}},"125":{"start":{"line":216,"column":12},"end":{"line":216,"column":28}},"126":{"start":{"line":217,"column":15},"end":{"line":221,"column":9}},"127":{"start":{"line":218,"column":12},"end":{"line":218,"column":28}},"128":{"start":{"line":219,"column":15},"end":{"line":221,"column":9}},"129":{"start":{"line":220,"column":12},"end":{"line":220,"column":28}},"130":{"start":{"line":223,"column":8},"end":{"line":225,"column":9}},"131":{"start":{"line":224,"column":12},"end":{"line":224,"column":21}},"132":{"start":{"line":227,"column":8},"end":{"line":237,"column":9}},"133":{"start":{"line":228,"column":12},"end":{"line":228,"column":39}},"134":{"start":{"line":229,"column":12},"end":{"line":229,"column":36}},"135":{"start":{"line":230,"column":12},"end":{"line":230,"column":44}},"136":{"start":{"line":230,"column":27},"end":{"line":230,"column":44}},"137":{"start":{"line":232,"column":12},"end":{"line":236,"column":13}},"138":{"start":{"line":233,"column":16},"end":{"line":233,"column":40}},"139":{"start":{"line":234,"column":16},"end":{"line":234,"column":41}},"140":{"start":{"line":235,"column":16},"end":{"line":235,"column":48}},"141":{"start":{"line":235,"column":31},"end":{"line":235,"column":48}},"142":{"start":{"line":239,"column":8},"end":{"line":239,"column":57}},"143":{"start":{"line":239,"column":51},"end":{"line":239,"column":57}},"144":{"start":{"line":242,"column":4},"end":{"line":242,"column":37}},"145":{"start":{"line":246,"column":17},"end":{"line":246,"column":19}},"146":{"start":{"line":247,"column":26},"end":{"line":247,"column":168}},"147":{"start":{"line":247,"column":33},"end":{"line":247,"column":168}},"148":{"start":{"line":248,"column":34},"end":{"line":248,"column":165}},"149":{"start":{"line":248,"column":41},"end":{"line":248,"column":165}},"150":{"start":{"line":250,"column":23},"end":{"line":250,"column":32}},"151":{"start":{"line":251,"column":4},"end":{"line":254,"column":5}},"152":{"start":{"line":252,"column":8},"end":{"line":252,"column":89}},"153":{"start":{"line":252,"column":40},"end":{"line":252,"column":89}},"154":{"start":{"line":252,"column":68},"end":{"line":252,"column":87}},"155":{"start":{"line":253,"column":8},"end":{"line":253,"column":87}},"156":{"start":{"line":253,"column":33},"end":{"line":253,"column":85}},"157":{"start":{"line":253,"column":65},"end":{"line":253,"column":84}},"158":{"start":{"line":256,"column":23},"end":{"line":256,"column":66}},"159":{"start":{"line":258,"column":4},"end":{"line":313,"column":5}},"160":{"start":{"line":259,"column":29},"end":{"line":261,"column":71}},"161":{"start":{"line":263,"column":8},"end":{"line":266,"column":9}},"162":{"start":{"line":264,"column":12},"end":{"line":264,"column":76}},"163":{"start":{"line":264,"column":39},"end":{"line":264,"column":76}},"164":{"start":{"line":265,"column":12},"end":{"line":265,"column":56}},"165":{"start":{"line":265,"column":38},"end":{"line":265,"column":54}},"166":{"start":{"line":267,"column":8},"end":{"line":269,"column":9}},"167":{"start":{"line":268,"column":12},"end":{"line":268,"column":71}},"168":{"start":{"line":270,"column":8},"end":{"line":270,"column":55}},"169":{"start":{"line":271,"column":11},"end":{"line":313,"column":5}},"170":{"start":{"line":272,"column":8},"end":{"line":287,"column":9}},"171":{"start":{"line":273,"column":12},"end":{"line":273,"column":89}},"172":{"start":{"line":274,"column":12},"end":{"line":276,"column":15}},"173":{"start":{"line":275,"column":16},"end":{"line":275,"column":136}},"174":{"start":{"line":278,"column":12},"end":{"line":278,"column":58}},"175":{"start":{"line":279,"column":12},"end":{"line":279,"column":136}},"176":{"start":{"line":281,"column":12},"end":{"line":286,"column":13}},"177":{"start":{"line":282,"column":16},"end":{"line":282,"column":116}},"178":{"start":{"line":283,"column":16},"end":{"line":285,"column":19}},"179":{"start":{"line":284,"column":20},"end":{"line":284,"column":123}},"180":{"start":{"line":289,"column":8},"end":{"line":292,"column":9}},"181":{"start":{"line":290,"column":12},"end":{"line":290,"column":84}},"182":{"start":{"line":291,"column":12},"end":{"line":291,"column":72}},"183":{"start":{"line":291,"column":50},"end":{"line":291,"column":70}},"184":{"start":{"line":294,"column":8},"end":{"line":307,"column":9}},"185":{"start":{"line":295,"column":12},"end":{"line":295,"column":82}},"186":{"start":{"line":296,"column":12},"end":{"line":298,"column":15}},"187":{"start":{"line":297,"column":16},"end":{"line":297,"column":111}},"188":{"start":{"line":300,"column":12},"end":{"line":300,"column":138}},"189":{"start":{"line":301,"column":12},"end":{"line":306,"column":13}},"190":{"start":{"line":302,"column":16},"end":{"line":302,"column":113}},"191":{"start":{"line":303,"column":16},"end":{"line":305,"column":19}},"192":{"start":{"line":304,"column":20},"end":{"line":304,"column":96}},"193":{"start":{"line":309,"column":8},"end":{"line":312,"column":9}},"194":{"start":{"line":310,"column":12},"end":{"line":310,"column":50}},"195":{"start":{"line":311,"column":12},"end":{"line":311,"column":72}},"196":{"start":{"line":311,"column":50},"end":{"line":311,"column":70}},"197":{"start":{"line":315,"column":4},"end":{"line":315,"column":18}},"198":{"start":{"line":321,"column":19},"end":{"line":321,"column":55}},"199":{"start":{"line":322,"column":16},"end":{"line":322,"column":63}},"200":{"start":{"line":322,"column":25},"end":{"line":322,"column":63}},"201":{"start":{"line":323,"column":25},"end":{"line":331,"column":5}},"202":{"start":{"line":324,"column":8},"end":{"line":330,"column":9}},"203":{"start":{"line":325,"column":12},"end":{"line":327,"column":13}},"204":{"start":{"line":326,"column":16},"end":{"line":326,"column":95}},"205":{"start":{"line":333,"column":4},"end":{"line":333,"column":45}},"206":{"start":{"line":335,"column":4},"end":{"line":422,"column":5}},"207":{"start":{"line":336,"column":49},"end":{"line":336,"column":61}},"208":{"start":{"line":337,"column":8},"end":{"line":337,"column":83}},"209":{"start":{"line":338,"column":8},"end":{"line":338,"column":47}},"210":{"start":{"line":340,"column":26},"end":{"line":340,"column":35}},"211":{"start":{"line":341,"column":31},"end":{"line":341,"column":32}},"212":{"start":{"line":344,"column":31},"end":{"line":344,"column":32}},"213":{"start":{"line":345,"column":8},"end":{"line":350,"column":9}},"214":{"start":{"line":346,"column":12},"end":{"line":346,"column":62}},"215":{"start":{"line":347,"column":12},"end":{"line":347,"column":56}},"216":{"start":{"line":348,"column":12},"end":{"line":348,"column":30}},"217":{"start":{"line":349,"column":12},"end":{"line":349,"column":31}},"218":{"start":{"line":353,"column":8},"end":{"line":403,"column":9}},"219":{"start":{"line":356,"column":36},"end":{"line":356,"column":106}},"220":{"start":{"line":357,"column":12},"end":{"line":359,"column":13}},"221":{"start":{"line":358,"column":16},"end":{"line":358,"column":28}},"222":{"start":{"line":360,"column":12},"end":{"line":360,"column":79}},"223":{"start":{"line":360,"column":44},"end":{"line":360,"column":79}},"224":{"start":{"line":363,"column":26},"end":{"line":363,"column":126}},"225":{"start":{"line":364,"column":27},"end":{"line":364,"column":28}},"226":{"start":{"line":365,"column":30},"end":{"line":365,"column":35}},"227":{"start":{"line":367,"column":12},"end":{"line":388,"column":13}},"228":{"start":{"line":368,"column":16},"end":{"line":368,"column":42}},"229":{"start":{"line":368,"column":33},"end":{"line":368,"column":42}},"230":{"start":{"line":370,"column":36},"end":{"line":370,"column":49}},"231":{"start":{"line":371,"column":16},"end":{"line":375,"column":17}},"232":{"start":{"line":372,"column":20},"end":{"line":372,"column":63}},"233":{"start":{"line":373,"column":20},"end":{"line":373,"column":39}},"234":{"start":{"line":374,"column":20},"end":{"line":374,"column":29}},"235":{"start":{"line":377,"column":32},"end":{"line":379,"column":72}},"236":{"start":{"line":381,"column":16},"end":{"line":387,"column":17}},"237":{"start":{"line":382,"column":34},"end":{"line":382,"column":80}},"238":{"start":{"line":383,"column":20},"end":{"line":386,"column":21}},"239":{"start":{"line":384,"column":24},"end":{"line":384,"column":55}},"240":{"start":{"line":385,"column":24},"end":{"line":385,"column":35}},"241":{"start":{"line":390,"column":12},"end":{"line":390,"column":77}},"242":{"start":{"line":391,"column":12},"end":{"line":391,"column":76}},"243":{"start":{"line":392,"column":12},"end":{"line":392,"column":75}},"244":{"start":{"line":394,"column":12},"end":{"line":397,"column":13}},"245":{"start":{"line":395,"column":16},"end":{"line":395,"column":58}},"246":{"start":{"line":396,"column":16},"end":{"line":396,"column":22}},"247":{"start":{"line":399,"column":12},"end":{"line":399,"column":65}},"248":{"start":{"line":399,"column":59},"end":{"line":399,"column":65}},"249":{"start":{"line":401,"column":12},"end":{"line":401,"column":59}},"250":{"start":{"line":402,"column":12},"end":{"line":402,"column":47}},"251":{"start":{"line":405,"column":8},"end":{"line":407,"column":9}},"252":{"start":{"line":406,"column":12},"end":{"line":406,"column":153}},"253":{"start":{"line":409,"column":42},"end":{"line":409,"column":113}},"254":{"start":{"line":410,"column":23},"end":{"line":410,"column":83}},"255":{"start":{"line":412,"column":8},"end":{"line":417,"column":10}},"256":{"start":{"line":420,"column":8},"end":{"line":420,"column":56}},"257":{"start":{"line":421,"column":8},"end":{"line":421,"column":60}}},"fnMap":{"0":{"name":"(anonymous_0)","decl":{"start":{"line":14,"column":14},"end":{"line":14,"column":15}},"loc":{"start":{"line":14,"column":22},"end":{"line":14,"column":57}},"line":14},"1":{"name":"(anonymous_1)","decl":{"start":{"line":14,"column":34},"end":{"line":14,"column":35}},"loc":{"start":{"line":14,"column":39},"end":{"line":14,"column":56}},"line":14},"2":{"name":"(anonymous_2)","decl":{"start":{"line":15,"column":16},"end":{"line":15,"column":17}},"loc":{"start":{"line":15,"column":25},"end":{"line":15,"column":73}},"line":15},"3":{"name":"getContext","decl":{"start":{"line":17,"column":9},"end":{"line":17,"column":19}},"loc":{"start":{"line":17,"column":22},"end":{"line":30,"column":1}},"line":17},"4":{"name":"extractTweetData","decl":{"start":{"line":32,"column":9},"end":{"line":32,"column":25}},"loc":{"start":{"line":32,"column":56},"end":{"line":179,"column":1}},"line":32},"5":{"name":"(anonymous_5)","decl":{"start":{"line":51,"column":39},"end":{"line":51,"column":40}},"loc":{"start":{"line":51,"column":45},"end":{"line":51,"column":73}},"line":51},"6":{"name":"(anonymous_6)","decl":{"start":{"line":91,"column":17},"end":{"line":91,"column":18}},"loc":{"start":{"line":91,"column":22},"end":{"line":91,"column":58}},"line":91},"7":{"name":"(anonymous_7)","decl":{"start":{"line":130,"column":30},"end":{"line":130,"column":31}},"loc":{"start":{"line":130,"column":46},"end":{"line":133,"column":9}},"line":130},"8":{"name":"(anonymous_8)","decl":{"start":{"line":137,"column":72},"end":{"line":137,"column":73}},"loc":{"start":{"line":137,"column":78},"end":{"line":146,"column":9}},"line":137},"9":{"name":"(anonymous_9)","decl":{"start":{"line":152,"column":28},"end":{"line":152,"column":29}},"loc":{"start":{"line":152,"column":33},"end":{"line":156,"column":13}},"line":152},"10":{"name":"processAndFilterTweets","decl":{"start":{"line":181,"column":9},"end":{"line":181,"column":31}},"loc":{"start":{"line":181,"column":81},"end":{"line":243,"column":1}},"line":181},"11":{"name":"(anonymous_11)","decl":{"start":{"line":193,"column":30},"end":{"line":193,"column":31}},"loc":{"start":{"line":193,"column":35},"end":{"line":193,"column":43}},"line":193},"12":{"name":"formatOutput","decl":{"start":{"line":245,"column":9},"end":{"line":245,"column":21}},"loc":{"start":{"line":245,"column":70},"end":{"line":316,"column":1}},"line":245},"13":{"name":"(anonymous_13)","decl":{"start":{"line":247,"column":26},"end":{"line":247,"column":27}},"loc":{"start":{"line":247,"column":33},"end":{"line":247,"column":168}},"line":247},"14":{"name":"(anonymous_14)","decl":{"start":{"line":248,"column":34},"end":{"line":248,"column":35}},"loc":{"start":{"line":248,"column":41},"end":{"line":248,"column":165}},"line":248},"15":{"name":"(anonymous_15)","decl":{"start":{"line":252,"column":63},"end":{"line":252,"column":64}},"loc":{"start":{"line":252,"column":68},"end":{"line":252,"column":87}},"line":252},"16":{"name":"(anonymous_16)","decl":{"start":{"line":253,"column":28},"end":{"line":253,"column":29}},"loc":{"start":{"line":253,"column":33},"end":{"line":253,"column":85}},"line":253},"17":{"name":"(anonymous_17)","decl":{"start":{"line":253,"column":60},"end":{"line":253,"column":61}},"loc":{"start":{"line":253,"column":65},"end":{"line":253,"column":84}},"line":253},"18":{"name":"(anonymous_18)","decl":{"start":{"line":265,"column":33},"end":{"line":265,"column":34}},"loc":{"start":{"line":265,"column":38},"end":{"line":265,"column":54}},"line":265},"19":{"name":"(anonymous_19)","decl":{"start":{"line":274,"column":33},"end":{"line":274,"column":34}},"loc":{"start":{"line":274,"column":40},"end":{"line":276,"column":13}},"line":274},"20":{"name":"(anonymous_20)","decl":{"start":{"line":283,"column":36},"end":{"line":283,"column":37}},"loc":{"start":{"line":283,"column":43},"end":{"line":285,"column":17}},"line":283},"21":{"name":"(anonymous_21)","decl":{"start":{"line":291,"column":45},"end":{"line":291,"column":46}},"loc":{"start":{"line":291,"column":50},"end":{"line":291,"column":70}},"line":291},"22":{"name":"(anonymous_22)","decl":{"start":{"line":296,"column":33},"end":{"line":296,"column":34}},"loc":{"start":{"line":296,"column":43},"end":{"line":298,"column":13}},"line":296},"23":{"name":"(anonymous_23)","decl":{"start":{"line":303,"column":36},"end":{"line":303,"column":37}},"loc":{"start":{"line":303,"column":46},"end":{"line":305,"column":17}},"line":303},"24":{"name":"(anonymous_24)","decl":{"start":{"line":311,"column":45},"end":{"line":311,"column":46}},"loc":{"start":{"line":311,"column":50},"end":{"line":311,"column":70}},"line":311},"25":{"name":"atomicScrape","decl":{"start":{"line":320,"column":22},"end":{"line":320,"column":34}},"loc":{"start":{"line":320,"column":52},"end":{"line":423,"column":1}},"line":320},"26":{"name":"(anonymous_26)","decl":{"start":{"line":322,"column":16},"end":{"line":322,"column":17}},"loc":{"start":{"line":322,"column":25},"end":{"line":322,"column":63}},"line":322},"27":{"name":"(anonymous_27)","decl":{"start":{"line":323,"column":25},"end":{"line":323,"column":26}},"loc":{"start":{"line":323,"column":34},"end":{"line":331,"column":5}},"line":323},"28":{"name":"(anonymous_28)","decl":{"start":{"line":326,"column":84},"end":{"line":326,"column":85}},"loc":{"start":{"line":326,"column":90},"end":{"line":326,"column":93}},"line":326}},"branchMap":{"0":{"loc":{"start":{"line":15,"column":25},"end":{"line":15,"column":73}},"type":"cond-expr","locations":[{"start":{"line":15,"column":31},"end":{"line":15,"column":67}},{"start":{"line":15,"column":71},"end":{"line":15,"column":73}}],"line":15},"1":{"loc":{"start":{"line":15,"column":31},"end":{"line":15,"column":67}},"type":"binary-expr","locations":[{"start":{"line":15,"column":31},"end":{"line":15,"column":43}},{"start":{"line":15,"column":47},"end":{"line":15,"column":61}},{"start":{"line":15,"column":65},"end":{"line":15,"column":67}}],"line":15},"2":{"loc":{"start":{"line":21,"column":4},"end":{"line":28,"column":5}},"type":"if","locations":[{"start":{"line":21,"column":4},"end":{"line":28,"column":5}},{"start":{},"end":{}}],"line":21},"3":{"loc":{"start":{"line":21,"column":8},"end":{"line":21,"column":56}},"type":"binary-expr","locations":[{"start":{"line":21,"column":8},"end":{"line":21,"column":37}},{"start":{"line":21,"column":41},"end":{"line":21,"column":56}}],"line":21},"4":{"loc":{"start":{"line":25,"column":8},"end":{"line":27,"column":9}},"type":"if","locations":[{"start":{"line":25,"column":8},"end":{"line":27,"column":9}},{"start":{},"end":{}}],"line":25},"5":{"loc":{"start":{"line":25,"column":12},"end":{"line":25,"column":67}},"type":"binary-expr","locations":[{"start":{"line":25,"column":12},"end":{"line":25,"column":30}},{"start":{"line":25,"column":34},"end":{"line":25,"column":67}}],"line":25},"6":{"loc":{"start":{"line":37,"column":32},"end":{"line":37,"column":125}},"type":"cond-expr","locations":[{"start":{"line":37,"column":55},"end":{"line":37,"column":118}},{"start":{"line":37,"column":121},"end":{"line":37,"column":125}}],"line":37},"7":{"loc":{"start":{"line":38,"column":27},"end":{"line":38,"column":74}},"type":"binary-expr","locations":[{"start":{"line":38,"column":27},"end":{"line":38,"column":46}},{"start":{"line":38,"column":50},"end":{"line":38,"column":74}}],"line":38},"8":{"loc":{"start":{"line":39,"column":28},"end":{"line":39,"column":88}},"type":"cond-expr","locations":[{"start":{"line":39,"column":50},"end":{"line":39,"column":57}},{"start":{"line":39,"column":61},"end":{"line":39,"column":87}}],"line":39},"9":{"loc":{"start":{"line":39,"column":61},"end":{"line":39,"column":87}},"type":"binary-expr","locations":[{"start":{"line":39,"column":61},"end":{"line":39,"column":76}},{"start":{"line":39,"column":80},"end":{"line":39,"column":87}}],"line":39},"10":{"loc":{"start":{"line":42,"column":8},"end":{"line":81,"column":9}},"type":"if","locations":[{"start":{"line":42,"column":8},"end":{"line":81,"column":9}},{"start":{"line":74,"column":15},"end":{"line":81,"column":9}}],"line":42},"11":{"loc":{"start":{"line":46,"column":12},"end":{"line":46,"column":61}},"type":"if","locations":[{"start":{"line":46,"column":12},"end":{"line":46,"column":61}},{"start":{},"end":{}}],"line":46},"12":{"loc":{"start":{"line":50,"column":12},"end":{"line":66,"column":13}},"type":"if","locations":[{"start":{"line":50,"column":12},"end":{"line":66,"column":13}},{"start":{"line":52,"column":19},"end":{"line":66,"column":13}}],"line":50},"13":{"loc":{"start":{"line":55,"column":16},"end":{"line":65,"column":17}},"type":"if","locations":[{"start":{"line":55,"column":16},"end":{"line":65,"column":17}},{"start":{"line":57,"column":23},"end":{"line":65,"column":17}}],"line":55},"14":{"loc":{"start":{"line":61,"column":20},"end":{"line":64,"column":21}},"type":"if","locations":[{"start":{"line":61,"column":20},"end":{"line":64,"column":21}},{"start":{},"end":{}}],"line":61},"15":{"loc":{"start":{"line":61,"column":24},"end":{"line":61,"column":63}},"type":"binary-expr","locations":[{"start":{"line":61,"column":24},"end":{"line":61,"column":35}},{"start":{"line":61,"column":39},"end":{"line":61,"column":63}}],"line":61},"16":{"loc":{"start":{"line":69,"column":12},"end":{"line":72,"column":13}},"type":"if","locations":[{"start":{"line":69,"column":12},"end":{"line":72,"column":13}},{"start":{},"end":{}}],"line":69},"17":{"loc":{"start":{"line":71,"column":16},"end":{"line":71,"column":55}},"type":"if","locations":[{"start":{"line":71,"column":16},"end":{"line":71,"column":55}},{"start":{},"end":{}}],"line":71},"18":{"loc":{"start":{"line":77,"column":19},"end":{"line":77,"column":74}},"type":"cond-expr","locations":[{"start":{"line":77,"column":45},"end":{"line":77,"column":69}},{"start":{"line":77,"column":72},"end":{"line":77,"column":74}}],"line":77},"19":{"loc":{"start":{"line":78,"column":12},"end":{"line":80,"column":13}},"type":"if","locations":[{"start":{"line":78,"column":12},"end":{"line":80,"column":13}},{"start":{},"end":{}}],"line":78},"20":{"loc":{"start":{"line":84,"column":28},"end":{"line":84,"column":93}},"type":"cond-expr","locations":[{"start":{"line":84,"column":42},"end":{"line":84,"column":86}},{"start":{"line":84,"column":89},"end":{"line":84,"column":93}}],"line":84},"21":{"loc":{"start":{"line":85,"column":23},"end":{"line":85,"column":64}},"type":"cond-expr","locations":[{"start":{"line":85,"column":37},"end":{"line":85,"column":51}},{"start":{"line":85,"column":54},"end":{"line":85,"column":64}}],"line":85},"22":{"loc":{"start":{"line":88,"column":26},"end":{"line":88,"column":93}},"type":"cond-expr","locations":[{"start":{"line":88,"column":40},"end":{"line":88,"column":76}},{"start":{"line":88,"column":79},"end":{"line":88,"column":93}}],"line":88},"23":{"loc":{"start":{"line":90,"column":28},"end":{"line":90,"column":91}},"type":"binary-expr","locations":[{"start":{"line":90,"column":28},"end":{"line":90,"column":85}},{"start":{"line":90,"column":89},"end":{"line":90,"column":91}}],"line":90},"24":{"loc":{"start":{"line":96,"column":8},"end":{"line":102,"column":9}},"type":"if","locations":[{"start":{"line":96,"column":8},"end":{"line":102,"column":9}},{"start":{},"end":{}}],"line":96},"25":{"loc":{"start":{"line":98,"column":12},"end":{"line":101,"column":13}},"type":"if","locations":[{"start":{"line":98,"column":12},"end":{"line":101,"column":13}},{"start":{},"end":{}}],"line":98},"26":{"loc":{"start":{"line":100,"column":16},"end":{"line":100,"column":46}},"type":"if","locations":[{"start":{"line":100,"column":16},"end":{"line":100,"column":46}},{"start":{},"end":{}}],"line":100},"27":{"loc":{"start":{"line":105,"column":8},"end":{"line":121,"column":9}},"type":"if","locations":[{"start":{"line":105,"column":8},"end":{"line":121,"column":9}},{"start":{},"end":{}}],"line":105},"28":{"loc":{"start":{"line":105,"column":12},"end":{"line":105,"column":35}},"type":"binary-expr","locations":[{"start":{"line":105,"column":12},"end":{"line":105,"column":20}},{"start":{"line":105,"column":24},"end":{"line":105,"column":35}}],"line":105},"29":{"loc":{"start":{"line":106,"column":12},"end":{"line":120,"column":13}},"type":"if","locations":[{"start":{"line":106,"column":12},"end":{"line":120,"column":13}},{"start":{"line":108,"column":19},"end":{"line":120,"column":13}}],"line":106},"30":{"loc":{"start":{"line":112,"column":20},"end":{"line":115,"column":21}},"type":"if","locations":[{"start":{"line":112,"column":20},"end":{"line":115,"column":21}},{"start":{},"end":{}}],"line":112},"31":{"loc":{"start":{"line":112,"column":24},"end":{"line":112,"column":57}},"type":"binary-expr","locations":[{"start":{"line":112,"column":24},"end":{"line":112,"column":29}},{"start":{"line":112,"column":33},"end":{"line":112,"column":57}}],"line":112},"32":{"loc":{"start":{"line":117,"column":16},"end":{"line":119,"column":17}},"type":"if","locations":[{"start":{"line":117,"column":16},"end":{"line":119,"column":17}},{"start":{},"end":{}}],"line":117},"33":{"loc":{"start":{"line":123,"column":8},"end":{"line":123,"column":59}},"type":"if","locations":[{"start":{"line":123,"column":8},"end":{"line":123,"column":59}},{"start":{},"end":{}}],"line":123},"34":{"loc":{"start":{"line":126,"column":30},"end":{"line":128,"column":116}},"type":"cond-expr","locations":[{"start":{"line":127,"column":14},"end":{"line":127,"column":56}},{"start":{"line":128,"column":14},"end":{"line":128,"column":116}}],"line":126},"35":{"loc":{"start":{"line":132,"column":31},"end":{"line":132,"column":80}},"type":"cond-expr","locations":[{"start":{"line":132,"column":58},"end":{"line":132,"column":75}},{"start":{"line":132,"column":78},"end":{"line":132,"column":80}}],"line":132},"36":{"loc":{"start":{"line":132,"column":85},"end":{"line":132,"column":116}},"type":"cond-expr","locations":[{"start":{"line":132,"column":91},"end":{"line":132,"column":94}},{"start":{"line":132,"column":97},"end":{"line":132,"column":116}}],"line":132},"37":{"loc":{"start":{"line":140,"column":12},"end":{"line":145,"column":13}},"type":"if","locations":[{"start":{"line":140,"column":12},"end":{"line":145,"column":13}},{"start":{},"end":{}}],"line":140},"38":{"loc":{"start":{"line":141,"column":16},"end":{"line":141,"column":66}},"type":"if","locations":[{"start":{"line":141,"column":16},"end":{"line":141,"column":66}},{"start":{},"end":{}}],"line":141},"39":{"loc":{"start":{"line":142,"column":16},"end":{"line":142,"column":68}},"type":"if","locations":[{"start":{"line":142,"column":16},"end":{"line":142,"column":68}},{"start":{},"end":{}}],"line":142},"40":{"loc":{"start":{"line":143,"column":16},"end":{"line":143,"column":64}},"type":"if","locations":[{"start":{"line":143,"column":16},"end":{"line":143,"column":64}},{"start":{},"end":{}}],"line":143},"41":{"loc":{"start":{"line":144,"column":16},"end":{"line":144,"column":64}},"type":"if","locations":[{"start":{"line":144,"column":16},"end":{"line":144,"column":64}},{"start":{},"end":{}}],"line":144},"42":{"loc":{"start":{"line":150,"column":8},"end":{"line":157,"column":9}},"type":"if","locations":[{"start":{"line":150,"column":8},"end":{"line":157,"column":9}},{"start":{},"end":{}}],"line":150},"43":{"loc":{"start":{"line":153,"column":16},"end":{"line":155,"column":17}},"type":"if","locations":[{"start":{"line":153,"column":16},"end":{"line":155,"column":17}},{"start":{},"end":{}}],"line":153},"44":{"loc":{"start":{"line":153,"column":20},"end":{"line":153,"column":80}},"type":"binary-expr","locations":[{"start":{"line":153,"column":20},"end":{"line":153,"column":51}},{"start":{"line":153,"column":55},"end":{"line":153,"column":80}}],"line":153},"45":{"loc":{"start":{"line":161,"column":8},"end":{"line":163,"column":9}},"type":"if","locations":[{"start":{"line":161,"column":8},"end":{"line":163,"column":9}},{"start":{},"end":{}}],"line":161},"46":{"loc":{"start":{"line":161,"column":12},"end":{"line":161,"column":99}},"type":"binary-expr","locations":[{"start":{"line":161,"column":12},"end":{"line":161,"column":17}},{"start":{"line":161,"column":21},"end":{"line":161,"column":47}},{"start":{"line":161,"column":51},"end":{"line":161,"column":74}},{"start":{"line":161,"column":78},"end":{"line":161,"column":99}}],"line":161},"47":{"loc":{"start":{"line":169,"column":18},"end":{"line":169,"column":41}},"type":"binary-expr","locations":[{"start":{"line":169,"column":18},"end":{"line":169,"column":22}},{"start":{"line":169,"column":26},"end":{"line":169,"column":41}}],"line":169},"48":{"loc":{"start":{"line":187,"column":4},"end":{"line":191,"column":5}},"type":"if","locations":[{"start":{"line":187,"column":4},"end":{"line":191,"column":5}},{"start":{},"end":{}}],"line":187},"49":{"loc":{"start":{"line":189,"column":8},"end":{"line":189,"column":62}},"type":"if","locations":[{"start":{"line":189,"column":8},"end":{"line":189,"column":62}},{"start":{},"end":{}}],"line":189},"50":{"loc":{"start":{"line":194,"column":4},"end":{"line":196,"column":5}},"type":"if","locations":[{"start":{"line":194,"column":4},"end":{"line":196,"column":5}},{"start":{},"end":{}}],"line":194},"51":{"loc":{"start":{"line":194,"column":8},"end":{"line":194,"column":41}},"type":"binary-expr","locations":[{"start":{"line":194,"column":8},"end":{"line":194,"column":17}},{"start":{"line":194,"column":21},"end":{"line":194,"column":41}}],"line":194},"52":{"loc":{"start":{"line":198,"column":4},"end":{"line":200,"column":5}},"type":"if","locations":[{"start":{"line":198,"column":4},"end":{"line":200,"column":5}},{"start":{},"end":{}}],"line":198},"53":{"loc":{"start":{"line":210,"column":8},"end":{"line":210,"column":47}},"type":"if","locations":[{"start":{"line":210,"column":8},"end":{"line":210,"column":47}},{"start":{},"end":{}}],"line":210},"54":{"loc":{"start":{"line":215,"column":8},"end":{"line":221,"column":9}},"type":"if","locations":[{"start":{"line":215,"column":8},"end":{"line":221,"column":9}},{"start":{"line":217,"column":15},"end":{"line":221,"column":9}}],"line":215},"55":{"loc":{"start":{"line":217,"column":15},"end":{"line":221,"column":9}},"type":"if","locations":[{"start":{"line":217,"column":15},"end":{"line":221,"column":9}},{"start":{"line":219,"column":15},"end":{"line":221,"column":9}}],"line":217},"56":{"loc":{"start":{"line":219,"column":15},"end":{"line":221,"column":9}},"type":"if","locations":[{"start":{"line":219,"column":15},"end":{"line":221,"column":9}},{"start":{},"end":{}}],"line":219},"57":{"loc":{"start":{"line":219,"column":19},"end":{"line":219,"column":90}},"type":"binary-expr","locations":[{"start":{"line":219,"column":19},"end":{"line":219,"column":48}},{"start":{"line":219,"column":52},"end":{"line":219,"column":90}}],"line":219},"58":{"loc":{"start":{"line":223,"column":8},"end":{"line":225,"column":9}},"type":"if","locations":[{"start":{"line":223,"column":8},"end":{"line":225,"column":9}},{"start":{},"end":{}}],"line":223},"59":{"loc":{"start":{"line":223,"column":12},"end":{"line":223,"column":45}},"type":"binary-expr","locations":[{"start":{"line":223,"column":12},"end":{"line":223,"column":32}},{"start":{"line":223,"column":36},"end":{"line":223,"column":45}}],"line":223},"60":{"loc":{"start":{"line":227,"column":8},"end":{"line":237,"column":9}},"type":"if","locations":[{"start":{"line":227,"column":8},"end":{"line":237,"column":9}},{"start":{"line":231,"column":15},"end":{"line":237,"column":9}}],"line":227},"61":{"loc":{"start":{"line":230,"column":12},"end":{"line":230,"column":44}},"type":"if","locations":[{"start":{"line":230,"column":12},"end":{"line":230,"column":44}},{"start":{},"end":{}}],"line":230},"62":{"loc":{"start":{"line":232,"column":12},"end":{"line":236,"column":13}},"type":"if","locations":[{"start":{"line":232,"column":12},"end":{"line":236,"column":13}},{"start":{},"end":{}}],"line":232},"63":{"loc":{"start":{"line":235,"column":16},"end":{"line":235,"column":48}},"type":"if","locations":[{"start":{"line":235,"column":16},"end":{"line":235,"column":48}},{"start":{},"end":{}}],"line":235},"64":{"loc":{"start":{"line":239,"column":8},"end":{"line":239,"column":57}},"type":"if","locations":[{"start":{"line":239,"column":8},"end":{"line":239,"column":57}},{"start":{},"end":{}}],"line":239},"65":{"loc":{"start":{"line":247,"column":33},"end":{"line":247,"column":168}},"type":"cond-expr","locations":[{"start":{"line":247,"column":63},"end":{"line":247,"column":163}},{"start":{"line":247,"column":166},"end":{"line":247,"column":168}}],"line":247},"66":{"loc":{"start":{"line":247,"column":33},"end":{"line":247,"column":60}},"type":"binary-expr","locations":[{"start":{"line":247,"column":33},"end":{"line":247,"column":55}},{"start":{"line":247,"column":59},"end":{"line":247,"column":60}}],"line":247},"67":{"loc":{"start":{"line":248,"column":41},"end":{"line":248,"column":165}},"type":"cond-expr","locations":[{"start":{"line":248,"column":71},"end":{"line":248,"column":160}},{"start":{"line":248,"column":163},"end":{"line":248,"column":165}}],"line":248},"68":{"loc":{"start":{"line":248,"column":41},"end":{"line":248,"column":68}},"type":"binary-expr","locations":[{"start":{"line":248,"column":41},"end":{"line":248,"column":63}},{"start":{"line":248,"column":67},"end":{"line":248,"column":68}}],"line":248},"69":{"loc":{"start":{"line":251,"column":4},"end":{"line":254,"column":5}},"type":"if","locations":[{"start":{"line":251,"column":4},"end":{"line":254,"column":5}},{"start":{},"end":{}}],"line":251},"70":{"loc":{"start":{"line":252,"column":8},"end":{"line":252,"column":89}},"type":"if","locations":[{"start":{"line":252,"column":8},"end":{"line":252,"column":89}},{"start":{},"end":{}}],"line":252},"71":{"loc":{"start":{"line":252,"column":12},"end":{"line":252,"column":38}},"type":"binary-expr","locations":[{"start":{"line":252,"column":12},"end":{"line":252,"column":20}},{"start":{"line":252,"column":24},"end":{"line":252,"column":38}}],"line":252},"72":{"loc":{"start":{"line":253,"column":33},"end":{"line":253,"column":85}},"type":"binary-expr","locations":[{"start":{"line":253,"column":33},"end":{"line":253,"column":40}},{"start":{"line":253,"column":44},"end":{"line":253,"column":85}}],"line":253},"73":{"loc":{"start":{"line":256,"column":23},"end":{"line":256,"column":66}},"type":"cond-expr","locations":[{"start":{"line":256,"column":41},"end":{"line":256,"column":52}},{"start":{"line":256,"column":55},"end":{"line":256,"column":66}}],"line":256},"74":{"loc":{"start":{"line":258,"column":4},"end":{"line":313,"column":5}},"type":"if","locations":[{"start":{"line":258,"column":4},"end":{"line":313,"column":5}},{"start":{"line":271,"column":11},"end":{"line":313,"column":5}}],"line":258},"75":{"loc":{"start":{"line":259,"column":29},"end":{"line":261,"column":71}},"type":"cond-expr","locations":[{"start":{"line":260,"column":14},"end":{"line":260,"column":63}},{"start":{"line":261,"column":14},"end":{"line":261,"column":71}}],"line":259},"76":{"loc":{"start":{"line":263,"column":8},"end":{"line":266,"column":9}},"type":"if","locations":[{"start":{"line":263,"column":8},"end":{"line":266,"column":9}},{"start":{},"end":{}}],"line":263},"77":{"loc":{"start":{"line":264,"column":12},"end":{"line":264,"column":76}},"type":"if","locations":[{"start":{"line":264,"column":12},"end":{"line":264,"column":76}},{"start":{},"end":{}}],"line":264},"78":{"loc":{"start":{"line":267,"column":8},"end":{"line":269,"column":9}},"type":"if","locations":[{"start":{"line":267,"column":8},"end":{"line":269,"column":9}},{"start":{},"end":{}}],"line":267},"79":{"loc":{"start":{"line":267,"column":12},"end":{"line":267,"column":57}},"type":"binary-expr","locations":[{"start":{"line":267,"column":12},"end":{"line":267,"column":32}},{"start":{"line":267,"column":36},"end":{"line":267,"column":57}}],"line":267},"80":{"loc":{"start":{"line":271,"column":11},"end":{"line":313,"column":5}},"type":"if","locations":[{"start":{"line":271,"column":11},"end":{"line":313,"column":5}},{"start":{"line":293,"column":11},"end":{"line":313,"column":5}}],"line":271},"81":{"loc":{"start":{"line":272,"column":8},"end":{"line":287,"column":9}},"type":"if","locations":[{"start":{"line":272,"column":8},"end":{"line":287,"column":9}},{"start":{"line":277,"column":15},"end":{"line":287,"column":9}}],"line":272},"82":{"loc":{"start":{"line":281,"column":12},"end":{"line":286,"column":13}},"type":"if","locations":[{"start":{"line":281,"column":12},"end":{"line":286,"column":13}},{"start":{},"end":{}}],"line":281},"83":{"loc":{"start":{"line":282,"column":32},"end":{"line":282,"column":85}},"type":"cond-expr","locations":[{"start":{"line":282,"column":55},"end":{"line":282,"column":73}},{"start":{"line":282,"column":76},"end":{"line":282,"column":85}}],"line":282},"84":{"loc":{"start":{"line":289,"column":8},"end":{"line":292,"column":9}},"type":"if","locations":[{"start":{"line":289,"column":8},"end":{"line":292,"column":9}},{"start":{},"end":{}}],"line":289},"85":{"loc":{"start":{"line":289,"column":12},"end":{"line":289,"column":57}},"type":"binary-expr","locations":[{"start":{"line":289,"column":12},"end":{"line":289,"column":32}},{"start":{"line":289,"column":36},"end":{"line":289,"column":57}}],"line":289},"86":{"loc":{"start":{"line":294,"column":8},"end":{"line":307,"column":9}},"type":"if","locations":[{"start":{"line":294,"column":8},"end":{"line":307,"column":9}},{"start":{"line":299,"column":15},"end":{"line":307,"column":9}}],"line":294},"87":{"loc":{"start":{"line":301,"column":12},"end":{"line":306,"column":13}},"type":"if","locations":[{"start":{"line":301,"column":12},"end":{"line":306,"column":13}},{"start":{},"end":{}}],"line":301},"88":{"loc":{"start":{"line":302,"column":30},"end":{"line":302,"column":83}},"type":"cond-expr","locations":[{"start":{"line":302,"column":53},"end":{"line":302,"column":71}},{"start":{"line":302,"column":74},"end":{"line":302,"column":83}}],"line":302},"89":{"loc":{"start":{"line":309,"column":8},"end":{"line":312,"column":9}},"type":"if","locations":[{"start":{"line":309,"column":8},"end":{"line":312,"column":9}},{"start":{},"end":{}}],"line":309},"90":{"loc":{"start":{"line":309,"column":12},"end":{"line":309,"column":57}},"type":"binary-expr","locations":[{"start":{"line":309,"column":12},"end":{"line":309,"column":32}},{"start":{"line":309,"column":36},"end":{"line":309,"column":57}}],"line":309},"91":{"loc":{"start":{"line":320,"column":35},"end":{"line":320,"column":50}},"type":"default-arg","locations":[{"start":{"line":320,"column":48},"end":{"line":320,"column":50}}],"line":320},"92":{"loc":{"start":{"line":325,"column":12},"end":{"line":327,"column":13}},"type":"if","locations":[{"start":{"line":325,"column":12},"end":{"line":327,"column":13}},{"start":{},"end":{}}],"line":325},"93":{"loc":{"start":{"line":325,"column":16},"end":{"line":325,"column":63}},"type":"binary-expr","locations":[{"start":{"line":325,"column":16},"end":{"line":325,"column":45}},{"start":{"line":325,"column":49},"end":{"line":325,"column":63}}],"line":325},"94":{"loc":{"start":{"line":337,"column":24},"end":{"line":337,"column":79}},"type":"cond-expr","locations":[{"start":{"line":337,"column":42},"end":{"line":337,"column":61}},{"start":{"line":337,"column":64},"end":{"line":337,"column":79}}],"line":337},"95":{"loc":{"start":{"line":345,"column":15},"end":{"line":345,"column":149}},"type":"binary-expr","locations":[{"start":{"line":345,"column":15},"end":{"line":345,"column":125}},{"start":{"line":345,"column":129},"end":{"line":345,"column":149}}],"line":345},"96":{"loc":{"start":{"line":353,"column":15},"end":{"line":353,"column":123}},"type":"binary-expr","locations":[{"start":{"line":353,"column":15},"end":{"line":353,"column":76}},{"start":{"line":353,"column":80},"end":{"line":353,"column":123}}],"line":353},"97":{"loc":{"start":{"line":360,"column":12},"end":{"line":360,"column":79}},"type":"if","locations":[{"start":{"line":360,"column":12},"end":{"line":360,"column":79}},{"start":{},"end":{}}],"line":360},"98":{"loc":{"start":{"line":368,"column":16},"end":{"line":368,"column":42}},"type":"if","locations":[{"start":{"line":368,"column":16},"end":{"line":368,"column":42}},{"start":{},"end":{}}],"line":368},"99":{"loc":{"start":{"line":371,"column":16},"end":{"line":375,"column":17}},"type":"if","locations":[{"start":{"line":371,"column":16},"end":{"line":375,"column":17}},{"start":{},"end":{}}],"line":371},"100":{"loc":{"start":{"line":371,"column":20},"end":{"line":371,"column":122}},"type":"binary-expr","locations":[{"start":{"line":371,"column":20},"end":{"line":371,"column":88}},{"start":{"line":371,"column":92},"end":{"line":371,"column":122}}],"line":371},"101":{"loc":{"start":{"line":377,"column":32},"end":{"line":379,"column":72}},"type":"cond-expr","locations":[{"start":{"line":378,"column":22},"end":{"line":378,"column":26}},{"start":{"line":379,"column":22},"end":{"line":379,"column":72}}],"line":377},"102":{"loc":{"start":{"line":381,"column":16},"end":{"line":387,"column":17}},"type":"if","locations":[{"start":{"line":381,"column":16},"end":{"line":387,"column":17}},{"start":{},"end":{}}],"line":381},"103":{"loc":{"start":{"line":383,"column":20},"end":{"line":386,"column":21}},"type":"if","locations":[{"start":{"line":383,"column":20},"end":{"line":386,"column":21}},{"start":{},"end":{}}],"line":383},"104":{"loc":{"start":{"line":383,"column":24},"end":{"line":383,"column":57}},"type":"binary-expr","locations":[{"start":{"line":383,"column":24},"end":{"line":383,"column":29}},{"start":{"line":383,"column":33},"end":{"line":383,"column":57}}],"line":383},"105":{"loc":{"start":{"line":392,"column":31},"end":{"line":392,"column":74}},"type":"cond-expr","locations":[{"start":{"line":392,"column":50},"end":{"line":392,"column":70}},{"start":{"line":392,"column":73},"end":{"line":392,"column":74}}],"line":392},"106":{"loc":{"start":{"line":394,"column":12},"end":{"line":397,"column":13}},"type":"if","locations":[{"start":{"line":394,"column":12},"end":{"line":397,"column":13}},{"start":{},"end":{}}],"line":394},"107":{"loc":{"start":{"line":399,"column":12},"end":{"line":399,"column":65}},"type":"if","locations":[{"start":{"line":399,"column":12},"end":{"line":399,"column":65}},{"start":{},"end":{}}],"line":399},"108":{"loc":{"start":{"line":405,"column":8},"end":{"line":407,"column":9}},"type":"if","locations":[{"start":{"line":405,"column":8},"end":{"line":407,"column":9}},{"start":{},"end":{}}],"line":405},"109":{"loc":{"start":{"line":415,"column":41},"end":{"line":415,"column":64}},"type":"cond-expr","locations":[{"start":{"line":415,"column":59},"end":{"line":415,"column":60}},{"start":{"line":415,"column":63},"end":{"line":415,"column":64}}],"line":415}},"s":{"0":1,"1":1,"2":26,"3":26,"4":1,"5":88,"6":11,"7":11,"8":11,"9":11,"10":11,"11":11,"12":11,"13":10,"14":11,"15":22,"16":22,"17":22,"18":22,"19":22,"20":22,"21":22,"22":0,"23":0,"24":0,"25":0,"26":0,"27":0,"28":0,"29":0,"30":0,"31":0,"32":0,"33":0,"34":0,"35":0,"36":0,"37":0,"38":0,"39":0,"40":22,"41":22,"42":22,"43":0,"44":22,"45":22,"46":22,"47":22,"48":22,"49":22,"50":0,"51":22,"52":22,"53":22,"54":22,"55":22,"56":22,"57":22,"58":22,"59":0,"60":0,"61":0,"62":0,"63":0,"64":0,"65":0,"66":0,"67":0,"68":0,"69":22,"70":0,"71":22,"72":22,"73":0,"74":0,"75":22,"76":22,"77":2,"78":2,"79":2,"80":2,"81":0,"82":2,"83":0,"84":2,"85":2,"86":2,"87":0,"88":22,"89":22,"90":2,"91":2,"92":2,"93":2,"94":22,"95":0,"96":22,"97":0,"98":0,"99":10,"100":10,"101":10,"102":10,"103":10,"104":1,"105":1,"106":1,"107":1,"108":9,"109":9,"110":9,"111":0,"112":9,"113":0,"114":9,"115":9,"116":9,"117":9,"118":9,"119":10,"120":10,"121":9,"122":1,"123":1,"124":1,"125":0,"126":1,"127":1,"128":0,"129":0,"130":1,"131":0,"132":1,"133":1,"134":1,"135":1,"136":1,"137":0,"138":0,"139":0,"140":0,"141":0,"142":1,"143":0,"144":9,"145":10,"146":10,"147":8,"148":10,"149":1,"150":10,"151":10,"152":1,"153":1,"154":1,"155":1,"156":0,"157":0,"158":10,"159":10,"160":2,"161":2,"162":2,"163":2,"164":2,"165":0,"166":2,"167":0,"168":2,"169":8,"170":1,"171":0,"172":0,"173":0,"174":1,"175":1,"176":1,"177":0,"178":0,"179":0,"180":1,"181":0,"182":0,"183":0,"184":7,"185":1,"186":1,"187":1,"188":6,"189":6,"190":1,"191":1,"192":1,"193":7,"194":1,"195":1,"196":1,"197":10,"198":11,"199":11,"200":59,"201":11,"202":26,"203":26,"204":26,"205":11,"206":11,"207":11,"208":11,"209":11,"210":11,"211":11,"212":11,"213":11,"214":5,"215":5,"216":5,"217":5,"218":11,"219":21,"220":21,"221":0,"222":21,"223":0,"224":21,"225":21,"226":21,"227":21,"228":22,"229":0,"230":22,"231":22,"232":0,"233":0,"234":0,"235":22,"236":22,"237":22,"238":22,"239":11,"240":11,"241":21,"242":21,"243":21,"244":21,"245":0,"246":0,"247":21,"248":0,"249":21,"250":21,"251":11,"252":1,"253":10,"254":10,"255":10,"256":0,"257":0},"f":{"0":26,"1":26,"2":88,"3":11,"4":22,"5":0,"6":0,"7":0,"8":2,"9":2,"10":10,"11":9,"12":10,"13":8,"14":1,"15":1,"16":0,"17":0,"18":0,"19":0,"20":0,"21":0,"22":1,"23":1,"24":1,"25":11,"26":59,"27":26,"28":0},"b":{"0":[88,0],"1":[88,88,0],"2":[11,0],"3":[11,11],"4":[10,1],"5":[11,10],"6":[22,0],"7":[22,22],"8":[0,22],"9":[22,22],"10":[0,22],"11":[0,0],"12":[0,0],"13":[0,0],"14":[0,0],"15":[0,0],"16":[0,0],"17":[0,0],"18":[22,0],"19":[0,22],"20":[22,0],"21":[22,0],"22":[22,0],"23":[22,22],"24":[22,0],"25":[22,0],"26":[22,0],"27":[0,22],"28":[22,0],"29":[0,0],"30":[0,0],"31":[0,0],"32":[0,0],"33":[0,22],"34":[0,22],"35":[0,0],"36":[0,0],"37":[2,0],"38":[0,2],"39":[0,2],"40":[2,0],"41":[0,2],"42":[2,20],"43":[2,0],"44":[2,2],"45":[0,22],"46":[22,0,0,0],"47":[22,0],"48":[1,9],"49":[1,0],"50":[0,9],"51":[9,0],"52":[0,9],"53":[9,1],"54":[0,1],"55":[1,0],"56":[0,0],"57":[0,0],"58":[0,1],"59":[1,0],"60":[1,0],"61":[1,0],"62":[0,0],"63":[0,0],"64":[0,1],"65":[1,7],"66":[8,1],"67":[0,1],"68":[1,0],"69":[1,9],"70":[1,0],"71":[1,1],"72":[0,0],"73":[1,9],"74":[2,8],"75":[0,2],"76":[2,0],"77":[2,0],"78":[0,2],"79":[2,0],"80":[1,7],"81":[0,1],"82":[0,1],"83":[0,0],"84":[0,1],"85":[1,0],"86":[1,6],"87":[1,5],"88":[0,1],"89":[1,6],"90":[7,1],"91":[0],"92":[26,0],"93":[26,26],"94":[1,10],"95":[16,6],"96":[32,32],"97":[0,21],"98":[0,22],"99":[0,22],"100":[22,0],"101":[0,22],"102":[22,0],"103":[11,11],"104":[22,22],"105":[11,10],"106":[0,21],"107":[0,21],"108":[1,10],"109":[1,9]},"inputSourceMap":null,"_coverageSchema":"1a1c01bbd47fc00a2c39e90264f33305004495a9","hash":"25551356fee79e30fd2abf4a3d6daf8e61f40102"}
}
