TN:
SF:shared\scraper.js
FN:14,(anonymous_0)
FN:14,(anonymous_1)
FN:15,(anonymous_2)
FN:17,getContext
FN:32,extractTweetData
FN:51,(anonymous_5)
FN:91,(anonymous_6)
FN:130,(anonymous_7)
FN:137,(anonymous_8)
FN:152,(anonymous_9)
FN:181,processAndFilterTweets
FN:193,(anonymous_11)
FN:245,formatOutput
FN:247,(anonymous_13)
FN:248,(anonymous_14)
FN:252,(anonymous_15)
FN:253,(anonymous_16)
FN:253,(anonymous_17)
FN:265,(anonymous_18)
FN:274,(anonymous_19)
FN:283,(anonymous_20)
FN:291,(anonymous_21)
FN:296,(anonymous_22)
FN:303,(anonymous_23)
FN:311,(anonymous_24)
FN:320,atomicScrape
FN:322,(anonymous_26)
FN:323,(anonymous_27)
FN:326,(anonymous_28)
FNF:29
FNH:19
FNDA:26,(anonymous_0)
FNDA:26,(anonymous_1)
FNDA:88,(anonymous_2)
FNDA:11,getContext
FNDA:22,extractTweetData
FNDA:0,(anonymous_5)
FNDA:0,(anonymous_6)
FNDA:0,(anonymous_7)
FNDA:2,(anonymous_8)
FNDA:2,(anonymous_9)
FNDA:10,processAndFilterTweets
FNDA:9,(anonymous_11)
FNDA:10,formatOutput
FNDA:8,(anonymous_13)
FNDA:1,(anonymous_14)
FNDA:1,(anonymous_15)
FNDA:0,(anonymous_16)
FNDA:0,(anonymous_17)
FNDA:0,(anonymous_18)
FNDA:0,(anonymous_19)
FNDA:0,(anonymous_20)
FNDA:0,(anonymous_21)
FNDA:1,(anonymous_22)
FNDA:1,(anonymous_23)
FNDA:1,(anonymous_24)
FNDA:11,atomicScrape
FNDA:59,(anonymous_26)
FNDA:26,(anonymous_27)
FNDA:0,(anonymous_28)
DA:3,1
DA:14,26
DA:15,88
DA:18,11
DA:19,11
DA:21,11
DA:22,11
DA:23,11
DA:24,11
DA:25,11
DA:26,10
DA:29,11
DA:33,22
DA:36,22
DA:37,22
DA:38,22
DA:39,22
DA:41,22
DA:42,22
DA:45,0
DA:46,0
DA:49,0
DA:50,0
DA:51,0
DA:54,0
DA:55,0
DA:56,0
DA:60,0
DA:61,0
DA:63,0
DA:69,0
DA:70,0
DA:71,0
DA:73,0
DA:76,22
DA:77,22
DA:78,22
DA:79,0
DA:83,22
DA:84,22
DA:85,22
DA:87,22
DA:88,22
DA:90,22
DA:91,0
DA:93,22
DA:96,22
DA:97,22
DA:98,22
DA:99,22
DA:100,22
DA:105,22
DA:106,0
DA:107,0
DA:109,0
DA:110,0
DA:111,0
DA:112,0
DA:113,0
DA:114,0
DA:117,0
DA:118,0
DA:123,22
DA:126,22
DA:130,22
DA:131,0
DA:132,0
DA:136,22
DA:137,22
DA:138,2
DA:139,2
DA:140,2
DA:141,2
DA:142,2
DA:143,2
DA:144,2
DA:149,22
DA:150,22
DA:151,2
DA:152,2
DA:153,2
DA:154,2
DA:161,22
DA:162,0
DA:165,22
DA:176,0
DA:177,0
DA:182,10
DA:183,10
DA:184,10
DA:185,10
DA:187,10
DA:188,1
DA:189,1
DA:190,1
DA:193,9
DA:194,9
DA:195,0
DA:198,9
DA:199,0
DA:202,9
DA:204,9
DA:205,9
DA:207,9
DA:208,10
DA:210,10
DA:212,1
DA:214,1
DA:215,1
DA:216,0
DA:217,1
DA:218,1
DA:219,0
DA:220,0
DA:223,1
DA:224,0
DA:227,1
DA:228,1
DA:229,1
DA:230,1
DA:232,0
DA:233,0
DA:234,0
DA:235,0
DA:239,1
DA:242,9
DA:246,10
DA:247,10
DA:248,10
DA:250,10
DA:251,10
DA:252,1
DA:253,1
DA:256,10
DA:258,10
DA:259,2
DA:263,2
DA:264,2
DA:265,2
DA:267,2
DA:268,0
DA:270,2
DA:271,8
DA:272,1
DA:273,0
DA:274,0
DA:275,0
DA:278,1
DA:279,1
DA:281,1
DA:282,0
DA:283,0
DA:284,0
DA:289,1
DA:290,0
DA:291,0
DA:294,7
DA:295,1
DA:296,1
DA:297,1
DA:300,6
DA:301,6
DA:302,1
DA:303,1
DA:304,1
DA:309,7
DA:310,1
DA:311,1
DA:315,10
DA:321,11
DA:322,59
DA:323,11
DA:324,26
DA:325,26
DA:326,26
DA:333,11
DA:335,11
DA:336,11
DA:337,11
DA:338,11
DA:340,11
DA:341,11
DA:344,11
DA:345,11
DA:346,5
DA:347,5
DA:348,5
DA:349,5
DA:353,11
DA:356,21
DA:357,21
DA:358,0
DA:360,21
DA:363,21
DA:364,21
DA:365,21
DA:367,21
DA:368,22
DA:370,22
DA:371,22
DA:372,0
DA:373,0
DA:374,0
DA:377,22
DA:381,22
DA:382,22
DA:383,22
DA:384,11
DA:385,11
DA:390,21
DA:391,21
DA:392,21
DA:394,21
DA:395,0
DA:396,0
DA:399,21
DA:401,21
DA:402,21
DA:405,11
DA:406,1
DA:409,10
DA:410,10
DA:412,10
DA:420,0
DA:421,0
LF:225
LH:166
BRDA:15,0,0,88
BRDA:15,0,1,0
BRDA:15,1,0,88
BRDA:15,1,1,88
BRDA:15,1,2,0
BRDA:21,2,0,11
BRDA:21,2,1,0
BRDA:21,3,0,11
BRDA:21,3,1,11
BRDA:25,4,0,10
BRDA:25,4,1,1
BRDA:25,5,0,11
BRDA:25,5,1,10
BRDA:37,6,0,22
BRDA:37,6,1,0
BRDA:38,7,0,22
BRDA:38,7,1,22
BRDA:39,8,0,0
BRDA:39,8,1,22
BRDA:39,9,0,22
BRDA:39,9,1,22
BRDA:42,10,0,0
BRDA:42,10,1,22
BRDA:46,11,0,0
BRDA:46,11,1,0
BRDA:50,12,0,0
BRDA:50,12,1,0
BRDA:55,13,0,0
BRDA:55,13,1,0
BRDA:61,14,0,0
BRDA:61,14,1,0
BRDA:61,15,0,0
BRDA:61,15,1,0
BRDA:69,16,0,0
BRDA:69,16,1,0
BRDA:71,17,0,0
BRDA:71,17,1,0
BRDA:77,18,0,22
BRDA:77,18,1,0
BRDA:78,19,0,0
BRDA:78,19,1,22
BRDA:84,20,0,22
BRDA:84,20,1,0
BRDA:85,21,0,22
BRDA:85,21,1,0
BRDA:88,22,0,22
BRDA:88,22,1,0
BRDA:90,23,0,22
BRDA:90,23,1,22
BRDA:96,24,0,22
BRDA:96,24,1,0
BRDA:98,25,0,22
BRDA:98,25,1,0
BRDA:100,26,0,22
BRDA:100,26,1,0
BRDA:105,27,0,0
BRDA:105,27,1,22
BRDA:105,28,0,22
BRDA:105,28,1,0
BRDA:106,29,0,0
BRDA:106,29,1,0
BRDA:112,30,0,0
BRDA:112,30,1,0
BRDA:112,31,0,0
BRDA:112,31,1,0
BRDA:117,32,0,0
BRDA:117,32,1,0
BRDA:123,33,0,0
BRDA:123,33,1,22
BRDA:126,34,0,0
BRDA:126,34,1,22
BRDA:132,35,0,0
BRDA:132,35,1,0
BRDA:132,36,0,0
BRDA:132,36,1,0
BRDA:140,37,0,2
BRDA:140,37,1,0
BRDA:141,38,0,0
BRDA:141,38,1,2
BRDA:142,39,0,0
BRDA:142,39,1,2
BRDA:143,40,0,2
BRDA:143,40,1,0
BRDA:144,41,0,0
BRDA:144,41,1,2
BRDA:150,42,0,2
BRDA:150,42,1,20
BRDA:153,43,0,2
BRDA:153,43,1,0
BRDA:153,44,0,2
BRDA:153,44,1,2
BRDA:161,45,0,0
BRDA:161,45,1,22
BRDA:161,46,0,22
BRDA:161,46,1,0
BRDA:161,46,2,0
BRDA:161,46,3,0
BRDA:169,47,0,22
BRDA:169,47,1,0
BRDA:187,48,0,1
BRDA:187,48,1,9
BRDA:189,49,0,1
BRDA:189,49,1,0
BRDA:194,50,0,0
BRDA:194,50,1,9
BRDA:194,51,0,9
BRDA:194,51,1,0
BRDA:198,52,0,0
BRDA:198,52,1,9
BRDA:210,53,0,9
BRDA:210,53,1,1
BRDA:215,54,0,0
BRDA:215,54,1,1
BRDA:217,55,0,1
BRDA:217,55,1,0
BRDA:219,56,0,0
BRDA:219,56,1,0
BRDA:219,57,0,0
BRDA:219,57,1,0
BRDA:223,58,0,0
BRDA:223,58,1,1
BRDA:223,59,0,1
BRDA:223,59,1,0
BRDA:227,60,0,1
BRDA:227,60,1,0
BRDA:230,61,0,1
BRDA:230,61,1,0
BRDA:232,62,0,0
BRDA:232,62,1,0
BRDA:235,63,0,0
BRDA:235,63,1,0
BRDA:239,64,0,0
BRDA:239,64,1,1
BRDA:247,65,0,1
BRDA:247,65,1,7
BRDA:247,66,0,8
BRDA:247,66,1,1
BRDA:248,67,0,0
BRDA:248,67,1,1
BRDA:248,68,0,1
BRDA:248,68,1,0
BRDA:251,69,0,1
BRDA:251,69,1,9
BRDA:252,70,0,1
BRDA:252,70,1,0
BRDA:252,71,0,1
BRDA:252,71,1,1
BRDA:253,72,0,0
BRDA:253,72,1,0
BRDA:256,73,0,1
BRDA:256,73,1,9
BRDA:258,74,0,2
BRDA:258,74,1,8
BRDA:259,75,0,0
BRDA:259,75,1,2
BRDA:263,76,0,2
BRDA:263,76,1,0
BRDA:264,77,0,2
BRDA:264,77,1,0
BRDA:267,78,0,0
BRDA:267,78,1,2
BRDA:267,79,0,2
BRDA:267,79,1,0
BRDA:271,80,0,1
BRDA:271,80,1,7
BRDA:272,81,0,0
BRDA:272,81,1,1
BRDA:281,82,0,0
BRDA:281,82,1,1
BRDA:282,83,0,0
BRDA:282,83,1,0
BRDA:289,84,0,0
BRDA:289,84,1,1
BRDA:289,85,0,1
BRDA:289,85,1,0
BRDA:294,86,0,1
BRDA:294,86,1,6
BRDA:301,87,0,1
BRDA:301,87,1,5
BRDA:302,88,0,0
BRDA:302,88,1,1
BRDA:309,89,0,1
BRDA:309,89,1,6
BRDA:309,90,0,7
BRDA:309,90,1,1
BRDA:320,91,0,0
BRDA:325,92,0,26
BRDA:325,92,1,0
BRDA:325,93,0,26
BRDA:325,93,1,26
BRDA:337,94,0,1
BRDA:337,94,1,10
BRDA:345,95,0,16
BRDA:345,95,1,6
BRDA:353,96,0,32
BRDA:353,96,1,32
BRDA:360,97,0,0
BRDA:360,97,1,21
BRDA:368,98,0,0
BRDA:368,98,1,22
BRDA:371,99,0,0
BRDA:371,99,1,22
BRDA:371,100,0,22
BRDA:371,100,1,0
BRDA:377,101,0,0
BRDA:377,101,1,22
BRDA:381,102,0,22
BRDA:381,102,1,0
BRDA:383,103,0,11
BRDA:383,103,1,11
BRDA:383,104,0,22
BRDA:383,104,1,22
BRDA:392,105,0,11
BRDA:392,105,1,10
BRDA:394,106,0,0
BRDA:394,106,1,21
BRDA:399,107,0,0
BRDA:399,107,1,21
BRDA:405,108,0,1
BRDA:405,108,1,10
BRDA:415,109,0,1
BRDA:415,109,1,9
BRF:222
BRH:121
end_of_record
